2025-09-18 18:49:44,325 - INFO - Запуск автоматического обновления расписания с интервалом 15 секунд
2025-09-18 18:49:44,325 - INFO - === Итерация 1 ===
2025-09-18 18:49:47,323 - INFO - Скачивание завершено успешно
2025-09-18 18:50:03,971 - INFO - Парсинг завершен успешно
2025-09-18 18:50:03,972 - INFO - Расписание успешно обновлено!
2025-09-18 18:50:03,972 - INFO - Ожидание 15 секунд до следующего обновления...
2025-09-18 18:50:18,977 - INFO - === Итерация 2 ===
2025-09-18 18:50:22,245 - INFO - Скачивание завершено успешно
2025-09-18 18:50:38,908 - INFO - Парсинг завершен успешно
2025-09-18 18:50:38,909 - INFO - Расписание успешно обновлено!
2025-09-18 18:50:38,909 - INFO - Ожидание 15 секунд до следующего обновления...
2025-09-18 18:50:53,914 - INFO - === Итерация 3 ===
2025-09-18 18:50:57,387 - INFO - Скачивание завершено успешно
2025-09-18 18:51:13,272 - INFO - Парсинг завершен успешно
2025-09-18 18:51:13,272 - INFO - Расписание успешно обновлено!
2025-09-18 18:51:13,272 - INFO - Ожидание 15 секунд до следующего обновления...
2025-09-18 18:51:28,279 - INFO - === Итерация 4 ===
2025-09-18 18:51:31,046 - INFO - Скачивание завершено успешно
2025-09-18 18:51:46,847 - INFO - Парсинг завершен успешно
2025-09-18 18:51:46,847 - INFO - Расписание успешно обновлено!
2025-09-18 18:51:46,847 - INFO - Тестовый цикл завершен. Для постоянной работы увеличьте max_iterations.
